[0.007s] Invoking command in '/home/hzy/ros2/XJTU-RMV-Task04/rmv_task04/build/rmv_task04': CMAKE_PREFIX_PATH=/opt/ros/humble /usr/bin/cmake /home/hzy/ros2/XJTU-RMV-Task04/rmv_task04 -DCMAKE_INSTALL_PREFIX=/home/hzy/ros2/XJTU-RMV-Task04/rmv_task04/install/rmv_task04
[0.059s] -- The C compiler identification is GNU 11.4.0
[0.117s] -- The CXX compiler identification is GNU 11.4.0
[0.126s] -- Detecting C compiler ABI info
[0.194s] -- Detecting C compiler ABI info - done
[0.199s] -- Check for working C compiler: /usr/bin/cc - skipped
[0.199s] -- Detecting C compile features
[0.200s] -- Detecting C compile features - done
[0.202s] -- Detecting CXX compiler ABI info
[0.282s] -- Detecting CXX compiler ABI info - done
[0.287s] -- Check for working CXX compiler: /usr/bin/c++ - skipped
[0.287s] -- Detecting CXX compile features
[0.287s] -- Detecting CXX compile features - done
[0.289s] -- Found rclcpp: 16.0.15 (/opt/ros/humble/share/rclcpp/cmake)
[0.429s] -- Found Python3: /usr/bin/python3 (found version "3.10.12") found components: Interpreter 
[0.517s] -- Found rosidl_generator_c: 3.1.7 (/opt/ros/humble/share/rosidl_generator_c/cmake)
[0.519s] -- Found rosidl_adapter: 3.1.7 (/opt/ros/humble/share/rosidl_adapter/cmake)
[0.524s] -- Found rosidl_generator_cpp: 3.1.7 (/opt/ros/humble/share/rosidl_generator_cpp/cmake)
[0.532s] -- Using all available rosidl_typesupport_c: rosidl_typesupport_fastrtps_c;rosidl_typesupport_introspection_c
[0.541s] -- Using all available rosidl_typesupport_cpp: rosidl_typesupport_fastrtps_cpp;rosidl_typesupport_introspection_cpp
[0.567s] -- Found rmw_implementation_cmake: 6.1.2 (/opt/ros/humble/share/rmw_implementation_cmake/cmake)
[0.568s] -- Found rmw_fastrtps_cpp: 6.2.8 (/opt/ros/humble/share/rmw_fastrtps_cpp/cmake)
[0.649s] -- Found OpenSSL: /usr/lib/x86_64-linux-gnu/libcrypto.so (found version "3.0.2")  
[0.673s] -- Found FastRTPS: /opt/ros/humble/include  
[0.701s] -- Using RMW implementation 'rmw_fastrtps_cpp' as default
[0.708s] -- Looking for pthread.h
[0.794s] -- Looking for pthread.h - found
[0.795s] -- Performing Test CMAKE_HAVE_LIBC_PTHREAD
[0.880s] -- Performing Test CMAKE_HAVE_LIBC_PTHREAD - Success
[0.881s] -- Found Threads: TRUE  
[0.917s] -- Found sensor_msgs: 4.9.0 (/opt/ros/humble/share/sensor_msgs/cmake)
[0.937s] -- Found cv_bridge: 3.2.1 (/opt/ros/humble/share/cv_bridge/cmake)
[0.941s] -- Found OpenCV: /usr/local (found version "4.12.0") 
[0.942s] -- Found installed version of Eigen: /usr/share/eigen3/cmake
[0.943s] -- Found required Ceres dependency: Eigen version 3.4.0 in /usr/include/eigen3
[0.945s] -- Found installed version of glog: /usr/lib/x86_64-linux-gnu/cmake/glog
[0.945s] -- Detected glog version: 0.4.0
[0.946s] -- Found required Ceres dependency: glog
[0.946s] -- Found installed version of gflags: /usr/lib/x86_64-linux-gnu/cmake/gflags
[0.946s] -- Detected gflags version: 2.2.2
[0.947s] -- Found required Ceres dependency: gflags
[0.947s] -- Found Ceres version: 1.14.0 installed in: /usr/local with components: [EigenSparse, SparseLinearAlgebraLibrary, LAPACK, SuiteSparse, CXSparse, SchurSpecializations, OpenMP, Multithreading]
[0.990s] -- Configuring done
[1.061s] -- Generating done
[1.068s] -- Build files have been written to: /home/hzy/ros2/XJTU-RMV-Task04/rmv_task04/build/rmv_task04
[1.074s] Invoked command in '/home/hzy/ros2/XJTU-RMV-Task04/rmv_task04/build/rmv_task04' returned '0': CMAKE_PREFIX_PATH=/opt/ros/humble /usr/bin/cmake /home/hzy/ros2/XJTU-RMV-Task04/rmv_task04 -DCMAKE_INSTALL_PREFIX=/home/hzy/ros2/XJTU-RMV-Task04/rmv_task04/install/rmv_task04
[1.076s] Invoking command in '/home/hzy/ros2/XJTU-RMV-Task04/rmv_task04/build/rmv_task04': CMAKE_PREFIX_PATH=/opt/ros/humble /usr/bin/cmake --build /home/hzy/ros2/XJTU-RMV-Task04/rmv_task04/build/rmv_task04 -- -j28 -l28
[1.144s] [ 50%] [32mBuilding CXX object CMakeFiles/hik_camera_node.dir/src/main.cpp.o[0m
[1.342s] [100%] [32m[1mLinking CXX executable hik_camera_node[0m
[234.313s] gmake[2]: *** Deleting file 'hik_camera_node'
[234.314s] gmake[2]: *** [CMakeFiles/hik_camera_node.dir/build.make:1428: hik_camera_node] Interrupt
[234.314s] gmake[1]: *** [CMakeFiles/Makefile2:137: CMakeFiles/hik_camera_node.dir/all] Interrupt
[234.314s] gmake: *** [Makefile:146: all] Interrupt
[234.317s] Invoked command in '/home/hzy/ros2/XJTU-RMV-Task04/rmv_task04/build/rmv_task04' returned '-2': CMAKE_PREFIX_PATH=/opt/ros/humble /usr/bin/cmake --build /home/hzy/ros2/XJTU-RMV-Task04/rmv_task04/build/rmv_task04 -- -j28 -l28
