[0.008s] Invoking command in '/home/hzy/ros2/XJTU-RMV-Task04/rmv_task04/build/rmv_task04': CMAKE_PREFIX_PATH=/opt/ros/humble /usr/bin/cmake --build /home/hzy/ros2/XJTU-RMV-Task04/rmv_task04/build/rmv_task04 -- -j28 -l28
[0.032s] -- Found ament_cmake: 1.3.12 (/opt/ros/humble/share/ament_cmake/cmake)
[0.127s] -- Found rclcpp: 16.0.15 (/opt/ros/humble/share/rclcpp/cmake)
[0.145s] -- Found rosidl_generator_c: 3.1.7 (/opt/ros/humble/share/rosidl_generator_c/cmake)
[0.146s] -- Found rosidl_adapter: 3.1.7 (/opt/ros/humble/share/rosidl_adapter/cmake)
[0.150s] -- Found rosidl_generator_cpp: 3.1.7 (/opt/ros/humble/share/rosidl_generator_cpp/cmake)
[0.156s] -- Using all available rosidl_typesupport_c: rosidl_typesupport_fastrtps_c;rosidl_typesupport_introspection_c
[0.164s] -- Using all available rosidl_typesupport_cpp: rosidl_typesupport_fastrtps_cpp;rosidl_typesupport_introspection_cpp
[0.184s] -- Found rmw_implementation_cmake: 6.1.2 (/opt/ros/humble/share/rmw_implementation_cmake/cmake)
[0.185s] -- Found rmw_fastrtps_cpp: 6.2.8 (/opt/ros/humble/share/rmw_fastrtps_cpp/cmake)
[0.260s] -- Using RMW implementation 'rmw_fastrtps_cpp' as default
[0.291s] -- Found sensor_msgs: 4.9.0 (/opt/ros/humble/share/sensor_msgs/cmake)
[0.308s] -- Found cv_bridge: 3.2.1 (/opt/ros/humble/share/cv_bridge/cmake)
[0.314s] -- Found installed version of Eigen: /usr/share/eigen3/cmake
[0.315s] -- Found required Ceres dependency: Eigen version 3.4.0 in /usr/include/eigen3
[0.316s] -- Found installed version of glog: /usr/lib/x86_64-linux-gnu/cmake/glog
[0.316s] -- Detected glog version: 0.4.0
[0.317s] -- Found required Ceres dependency: glog
[0.318s] -- Found installed version of gflags: /usr/lib/x86_64-linux-gnu/cmake/gflags
[0.318s] -- Detected gflags version: 2.2.2
[0.318s] -- Found required Ceres dependency: gflags
[0.318s] -- Found Ceres version: 1.14.0 installed in: /usr/local with components: [EigenSparse, SparseLinearAlgebraLibrary, LAPACK, SuiteSparse, CXSparse, SchurSpecializations, OpenMP, Multithreading]
[0.319s] -- Found ament_lint_auto: 0.12.14 (/opt/ros/humble/share/ament_lint_auto/cmake)
[0.371s] -- Added test 'cppcheck' to perform static code analysis on C / C++ code
[0.371s] -- Configured cppcheck include dirs: 
[0.371s] -- Configured cppcheck exclude dirs and/or files: 
[0.372s] -- Added test 'flake8' to check Python code syntax and style conventions
[0.374s] -- Added test 'lint_cmake' to check CMake code style
[0.375s] -- Added test 'pep257' to check Python code against some of the docstring style conventions in PEP 257
[0.384s] -- Added test 'uncrustify' to check C / C++ code style
[0.384s] -- Configured uncrustify additional arguments: 
[0.385s] -- Added test 'xmllint' to check XML markup files
[0.387s] -- Configuring done
[0.394s] -- Generating done
[0.397s] -- Build files have been written to: /home/hzy/ros2/XJTU-RMV-Task04/rmv_task04/build/rmv_task04
[0.426s] [35m[1mConsolidate compiler generated dependencies of target ImgPublisher[0m
[0.447s] [ 50%] [32mBuilding CXX object CMakeFiles/ImgPublisher.dir/src/img_publisher.cpp.o[0m
[3.937s] [100%] [32m[1mLinking CXX executable ImgPublisher[0m
[4.051s] /usr/bin/ld: warning: libopencv_imgcodecs.so.4.5d, needed by /opt/ros/humble/lib/libcv_bridge.so, may conflict with libopencv_imgcodecs.so.412
[4.051s] /usr/bin/ld: warning: libopencv_imgproc.so.4.5d, needed by /opt/ros/humble/lib/libcv_bridge.so, may conflict with libopencv_imgproc.so.412
[4.051s] /usr/bin/ld: warning: libopencv_core.so.4.5d, needed by /opt/ros/humble/lib/libcv_bridge.so, may conflict with libopencv_core.so.412
[4.198s] /usr/bin/ld: CMakeFiles/ImgPublisher.dir/src/img_publisher.cpp.o: in function `ImgPublisher::register_parameter_callback()':
[4.198s] img_publisher.cpp:(.text._ZN12ImgPublisher27register_parameter_callbackEv[_ZN12ImgPublisher27register_parameter_callbackEv]+0x40): undefined reference to `ImgPublisher::on_parameter_changed(std::vector<rclcpp::Parameter, std::allocator<rclcpp::Parameter> > const&)'
[4.219s] collect2: error: ld returned 1 exit status
[4.220s] gmake[2]: *** [CMakeFiles/ImgPublisher.dir/build.make:225: ImgPublisher] Error 1
[4.220s] gmake[1]: *** [CMakeFiles/Makefile2:137: CMakeFiles/ImgPublisher.dir/all] Error 2
[4.221s] gmake: *** [Makefile:146: all] Error 2
[4.223s] Invoked command in '/home/hzy/ros2/XJTU-RMV-Task04/rmv_task04/build/rmv_task04' returned '2': CMAKE_PREFIX_PATH=/opt/ros/humble /usr/bin/cmake --build /home/hzy/ros2/XJTU-RMV-Task04/rmv_task04/build/rmv_task04 -- -j28 -l28
